Using pre-set license
Built from '2020.3/china_unity/release' branch; Version is '2020.3.0f1c1 (1e553bf703d9) revision 1987899'; Using compiler version '192528614'; Build Type 'Release'
OS: 'Windows 10 Education; OS build 19042.685; Version 2009; 64bit' Language: 'zh' Physical Memory: 16336 MB
BatchMode: 1, IsHumanControllingUs: 0, StartBugReporterOnCrash: 0, Is64bit: 1, IsPro: 0

 COMMAND LINE ARGUMENTS:
E:\Unity_Versions\2019.1.0f2\2020.3.0f1c1\Editor\Unity.exe
-adb2
-batchMode
-noUpm
-name
AssetImportWorker0
-projectPath
E:/BanGround-Unity
-logFile
Logs/AssetImportWorker0.log
-srvPort
23429
Successfully changed project path to: E:/BanGround-Unity
E:/BanGround-Unity
Using Asset Import Pipeline V2.
Unable to join player connection multicast group.

Unable to join player connection alternative multicast group.

Refreshing native plugins compatible for Editor in 208.48 ms, found 10 plugins.
Preloading 0 native plugins for Editor in 0.00 ms.
Initialize engine version: 2020.3.0f1c1 (1e553bf703d9)
[Subsystems] Discovering subsystems at path E:/Unity_Versions/2019.1.0f2/2020.3.0f1c1/Editor/Data/Resources/UnitySubsystems
[Subsystems] Discovering subsystems at path E:/BanGround-Unity/Assets
GfxDevice: creating device client; threaded=0
Direct3D:
    Version:  Direct3D 11.0 [level 11.1]
    Renderer: NVIDIA GeForce GTX 1070 (ID=0x1b81)
    Vendor:   
    VRAM:     8088 MB
    Driver:   27.21.14.6109
Shader 'Universal Render Pipeline/Particles/Lit': fallback shader 'Universal Render Pipeline/Particles/SimpleLit' not found
Initialize mono
Mono path[0] = 'E:/Unity_Versions/2019.1.0f2/2020.3.0f1c1/Editor/Data/Managed'
Mono path[1] = 'E:/Unity_Versions/2019.1.0f2/2020.3.0f1c1/Editor/Data/MonoBleedingEdge/lib/mono/unityjit'
Mono config path = 'E:/Unity_Versions/2019.1.0f2/2020.3.0f1c1/Editor/Data/MonoBleedingEdge/etc'
Using monoOptions --debugger-agent=transport=dt_socket,embedding=1,server=y,suspend=n,address=127.0.0.1:56236
Begin MonoManager ReloadAssembly
Registering precompiled unity dll's ...
Register platform support module: E:/Unity_Versions/2019.1.0f2/2020.3.0f1c1/Editor/Data/PlaybackEngines/WindowsStandaloneSupport/UnityEditor.WindowsStandalone.Extensions.dll
Registered in 0.001675 seconds.
Native extension for WindowsStandalone target not found
Refreshing native plugins compatible for Editor in 111.38 ms, found 10 plugins.
Preloading 0 native plugins for Editor in 0.00 ms.
Invoked RoslynAnalysisRunner static constructor.
RoslynAnalysisRunner will not be running.
RoslynAnalysisRunner has terminated.
Mono: successfully reloaded assembly
- Completed reload, in  2.975 seconds
Platform modules already initialized, skipping
Registering precompiled user dll's ...
Registered in 0.019544 seconds.
Begin MonoManager ReloadAssembly
Native extension for WindowsStandalone target not found
Refreshing native plugins compatible for Editor in 126.16 ms, found 10 plugins.
Preloading 0 native plugins for Editor in 0.00 ms.
Invoked RoslynAnalysisRunner static constructor.
RoslynAnalysisRunner will not be running.
RoslynAnalysisRunner has terminated.
Mono: successfully reloaded assembly
- Completed reload, in  1.755 seconds
Platform modules already initialized, skipping
========================================================================
Worker process is ready to serve import requests
Shader 'Universal Render Pipeline/Particles/Lit': fallback shader 'Universal Render Pipeline/Particles/SimpleLit' not found
Launched and connected shader compiler UnityShaderCompiler.exe after 0.09 seconds
Refreshing native plugins compatible for Editor in 5.54 ms, found 10 plugins.
Preloading 0 native plugins for Editor in 0.00 ms.
Unloading 4464 Unused Serialized files (Serialized files now loaded: 0)
System memory in use before: 179.1 MB.
System memory in use after: 179.3 MB.

Unloading 273 unused Assets to reduce memory usage. Loaded Objects now: 4659.
Total: 8.615400 ms (FindLiveObjects: 1.012400 ms CreateObjectMapping: 0.425200 ms MarkObjects: 6.829200 ms  DeleteObjects: 0.345300 ms)

========================================================================
Received Import Request.
  path: Assets/Codes/InGame/Input/InputSystemTouchProvider.cs
  artifactKey: Guid(b2e56ea13a5f98345af004292c5b5152) Importer(815301076,1909f56bfc062723c751e8b465ee728b)
Start importing Assets/Codes/InGame/Input/InputSystemTouchProvider.cs using Guid(b2e56ea13a5f98345af004292c5b5152) Importer(815301076,1909f56bfc062723c751e8b465ee728b)  -> (artifact id: '5b2bfbb982c0ebdfd063dfd2108a81fc') in 0.076330 seconds
  Import took 0.086043 seconds .

========================================================================
Received Import Request.
  Time since last request: 0.000391 seconds.
  path: Assets/Codes/InGame/Input/InputManagerTouchProvider.cs
  artifactKey: Guid(30b57a782f6bf4e489c2aedf9deb6f2c) Importer(815301076,1909f56bfc062723c751e8b465ee728b)
Start importing Assets/Codes/InGame/Input/InputManagerTouchProvider.cs using Guid(30b57a782f6bf4e489c2aedf9deb6f2c) Importer(815301076,1909f56bfc062723c751e8b465ee728b)  -> (artifact id: '25d8b575a94a644486f04b2e7357d37e') in 0.005320 seconds
  Import took 0.016923 seconds .

========================================================================
Received Prepare
Registering precompiled user dll's ...
Registered in 0.022331 seconds.
Begin MonoManager ReloadAssembly
Native extension for WindowsStandalone target not found
Refreshing native plugins compatible for Editor in 3.40 ms, found 10 plugins.
Preloading 0 native plugins for Editor in 0.00 ms.
Invoked RoslynAnalysisRunner static constructor.
RoslynAnalysisRunner will not be running.
RoslynAnalysisRunner has terminated.
Mono: successfully reloaded assembly
- Completed reload, in  1.920 seconds
Platform modules already initialized, skipping
Shader 'Universal Render Pipeline/Particles/Lit': fallback shader 'Universal Render Pipeline/Particles/SimpleLit' not found
Refreshing native plugins compatible for Editor in 3.40 ms, found 10 plugins.
Preloading 0 native plugins for Editor in 0.00 ms.
Unloading 4329 Unused Serialized files (Serialized files now loaded: 0)
System memory in use before: 171.5 MB.
System memory in use after: 171.7 MB.

Unloading 263 unused Assets to reduce memory usage. Loaded Objects now: 4662.
Total: 5.373200 ms (FindLiveObjects: 0.670400 ms CreateObjectMapping: 0.139500 ms MarkObjects: 4.438100 ms  DeleteObjects: 0.120800 ms)

